Label : default
Key Size : 2048
Version : X509 V3
Serial : 022ad9390e33b5
Issuer : "CN=camaraprod,OU=Root Certificate,OU=camaraprodNode01Cell,OU=camaraprodNode01,O=IBM,C=US"
Subject : CN=camaraprod,OU=camaraprodNode01Cell,OU=camaraprodNode01,O=IBM,C=US
Not Before : May 18, 2025 11:01:07 AM GMT-04:00

Not After : May 18, 2026 11:01:07 AM GMT-04:00

Public Key
    30 82 01 22 30 0D 06 09 2A 86 48 86 F7 0D 01 01
    01 05 00 03 82 01 0F 00 30 82 01 0A 02 82 01 01
    00 97 17 52 B2 71 70 50 D0 CD 57 C3 72 E8 A1 A4
    5D 5F E0 0F 73 72 F9 5C 31 DE F5 1E 7E 64 71 26
    B9 B6 CE A9 06 46 3A C3 AD 5E 07 43 9F 82 E3 BB
    B9 EC 2F F4 81 E4 CE 11 41 3E 4A 93 4E 28 A1 95
    A0 E5 56 37 79 F7 CE 53 56 84 30 9D 70 A2 E2 CE
    4E 99 91 1C 2D 7E 01 97 AB F9 C8 3B AE BF 97 1E
    B8 D1 A6 9D 9E AC 8A D6 7C 91 8F EE 6C 92 E8 7A
    69 CC 4F B1 3A 67 17 0F 89 1A 6F 07 68 27 7F A6
    9C 6D B3 75 21 EB 49 CE D6 9E D1 27 53 DA 18 12
    7A 88 89 48 D2 C8 12 DB 64 59 A1 A4 48 11 2B 37
    5C 49 A5 01 2F BD FE 3D D3 B9 6C FD BE 7F 48 C9
    6A F7 65 19 64 81 6C 38 D3 EE E4 23 40 F1 F4 BD
    37 50 5A 76 B4 30 9D C5 36 E3 CD 24 DC 15 F0 D3
    78 E7 55 2C 22 E6 55 82 69 44 67 73 7D 26 CF DB
    A3 12 00 10 27 27 67 0D 7A 53 BB 68 BD C8 83 B9
    DD EF 1C 68 44 03 0C 33 20 F9 91 1C 5F 71 3A 2D
    E9 02 03 01 00 01
Public Key Type : RSA (1.2.840.113549.1.1.1)
Fingerprint : SHA1 : 
    80 20 0F 68 6B B3 C8 76 2F D2 2C BB F7 43 72 41
    34 E3 1C 0B
Fingerprint : MD5 : 
    68 7F EE 22 25 05 2B 3F A0 85 13 98 2D 2A C1 DB
Fingerprint : SHA256 : 
    FE 1C 69 CE 75 13 54 35 E4 C0 94 7E 7E 46 B2 B1
    45 DB 08 D1 B6 E7 DA D2 9C A3 C7 27 95 EB 3B 9F
Fingerprint : HPKP : 
    Yi80rG/XLFceWH0ivsDsiQvfX72v6QrGC/s7ezo6sjE=
Extensions
    subjectAlternativeName
        rfc822Name: ProfileUUID:AppSrv01-BASE-f0da7b20-2c86-40c6-b49e-8e75d168a083
    SubjectKeyIdentifier
      keyIdentifier: 46 81 FC 3E 04 DF A8 1F
Signature Algorithm : SHA256WithRSASignature (1.2.840.113549.1.1.11)
Value
    CE 86 45 59 E5 12 A5 F1 DB C6 FD 75 2E 05 47 5C
    AD CF 1F 4C F1 12 69 44 06 6C AA 7F 90 D0 78 CF
    65 DA 85 2A 43 D3 97 34 20 D2 EA 77 91 D1 2A D2
    D2 DC 9F D7 49 79 0A F9 45 70 96 44 0E 93 AC C4
    1A 2B CE 92 8E 45 14 8C E0 7E 56 DF 01 69 FB D6
    2F F8 14 4E 53 86 F0 0B 30 13 A1 44 A6 14 A3 AF
    8C CE 23 70 B8 03 48 5C 29 D6 47 6D 57 8A 31 23
    45 93 F8 47 7E 05 64 85 EB A4 BD C9 A7 DC E1 38
    2F 96 EE 2F 51 D8 9F B6 BC 3F E5 99 D6 74 9E 4A
    3B BB CB 62 5A 35 66 35 BD A7 46 AF 45 7D 2F FC
    2E CC 97 E2 58 0D A7 5F 8D 3D 01 68 E7 A7 CA 67
    13 96 09 31 04 23 90 8D FD C0 7F DB 34 67 F6 9C
    1C 83 BD 59 7E 1C 50 7E 4D EB 98 63 7C FE 5A 0F
    DD 26 57 FD 5F EB 0A 8E 25 68 E2 B9 A5 0A B9 9A
    FB BA D2 11 87 09 62 B5 5C 0E 2E 82 A9 22 2E 9A
    3A A0 E7 32 45 04 2B 50 AE 1D 91 CE 18 CE BC 65
Trust Status : Enabled
