Label : VeriSign Class 2 Public Primary Certification Authority - G3 (20360716)
Key Size : 2048
Version : X509 V1
Serial : 6170cb498c5f984529e7b0a6d9505b7a
Issuer : "CN=VeriSign Class 2 Public Primary Certification Authority - G3,OU=(c) 1999 VeriSign\, Inc. - For authorized use only,OU=VeriSign Trust Network,O=VeriSign\, Inc.,C=US"
Subject : "CN=VeriSign Class 2 Public Primary Certification Authority - G3,OU=(c) 1999 VeriSign\, Inc. - For authorized use only,OU=VeriSign Trust Network,O=VeriSign\, Inc.,C=US"
Not Before : September 30, 1999 8:00:00 PM GMT-04:00

Not After : July 16, 2036 7:59:59 PM GMT-04:00

Public Key
    30 82 01 22 30 0D 06 09 2A 86 48 86 F7 0D 01 01
    01 05 00 03 82 01 0F 00 30 82 01 0A 02 82 01 01
    00 AF 0A 0D C2 D5 2C DB 67 B9 2D E5 94 27 DD A5
    BE E0 B0 4D 8F B3 61 56 3C D6 7C C3 F4 CD 3E 86
    CB A2 88 E2 E1 D8 A4 69 C5 B5 E2 BF C1 A6 47 50
    5E 46 39 8B D5 96 BA B5 6F 14 BF 10 CE 27 13 9E
    05 47 9B 31 7A 13 D8 1F D9 D3 02 37 8B AD 2C 47
    F0 8E 81 06 A7 0D 30 0C EB F7 3C 0F 20 1D DC 72
    46 EE A5 02 C8 5B C3 C9 56 69 4C C5 18 C1 91 7B
    0B D5 13 00 9B BC EF C3 48 3E 46 60 20 85 2A D5
    90 B6 CD 8B A0 CC 32 DD B7 FD 40 55 B2 50 1C 56
    AE CC 8D 77 4D C7 20 4D A7 31 76 EF 68 92 8A 90
    1E 08 81 56 B2 AD 69 A3 52 D0 CB 1C C4 23 3D 1F
    99 FE 4C E8 16 63 8E C6 08 8E F6 31 F6 D2 FA E5
    76 DD B5 1C 92 A3 49 CD CD 01 CD 68 CD A9 69 BA
    A3 EB 1D 0D 9C A4 20 A6 C1 A0 C5 D1 46 4C 17 6D
    D2 AC 66 3F 96 8C E0 84 D4 36 FF 22 59 C5 F9 11
    60 A8 5F 04 7D F2 1A F6 25 42 61 0F C4 4A B8 3E
    89 02 03 01 00 01
Public Key Type : RSA (1.2.840.113549.1.1.1)
Fingerprint : SHA1 : 
    61 EF 43 D7 7F CA D4 61 51 BC 98 E0 C3 59 12 AF
    9F EB 63 11
Fingerprint : MD5 : 
    F8 BE C4 63 22 C9 A8 46 74 8B B8 1D 1E 4A 2B F6
Fingerprint : SHA256 : 
    92 A9 D9 83 3F E1 94 4D B3 66 E8 BF AE 7A 95 B6
    48 0C 2D 6C 6C 2A 1B E6 5D 42 36 B6 08 FC A1 BB
Fingerprint : HPKP : 
    cAajgxHlj7GTSEIzIYIQxmEloOSoJq7VOaxWHfv72QM=
Signature Algorithm : SHA1WithRSASignature (1.2.840.113549.1.1.5)
Value
    34 26 15 3C C0 8D 4D 43 49 1D BD E9 21 92 D7 66
    9C B7 DE C5 B8 D0 E4 5D 5F 76 22 C0 26 F9 84 3A
    3A F9 8C B5 FB EC 60 F1 E8 CE 04 B0 C8 DD A7 03
    8F 30 F3 98 DF A4 E6 A4 31 DF D3 1C 0B 46 DC 72
    20 3F AE EE 05 3C A4 33 3F 0B 39 AC 70 78 73 4B
    99 2B DF 30 C2 54 B0 A8 3B 55 A1 FE 16 28 CD 42
    BD 74 6E 80 DB 27 44 A7 CE 44 5D D4 1B 90 98 0D
    1E 42 94 B1 00 2C 04 D0 74 A3 02 05 22 63 63 CD
    83 B5 FB C1 6D 62 6B 69 75 FD 5D 70 41 B9 F5 BF
    7C DF BE C1 32 73 22 21 8B 58 81 7B 15 91 7A BA
    E3 64 48 B0 7F FB 36 25 DA 95 D0 F1 24 14 17 DD
    18 80 6B 46 23 39 54 F5 8E 62 09 04 1D 94 90 A6
    9B E6 25 E2 42 45 AA B8 90 AD BE 08 8F A9 0B 42
    18 94 CF 72 39 E1 B1 43 E0 28 CF B7 E7 5A 6C 13
    6B 49 B3 FF E3 18 7C 89 8B 33 5D AC 33 D7 A7 F9
    DA 3A 55 C9 58 10 F9 AA EF 5A B6 CF 4B 4B DF 2A
Trust Status : Enabled
