Label : DigiCert Global Root CA
Key Size : 2048
Version : X509 V3
Serial : 083be056904246b1a1756ac95991c74a
Issuer : "CN=DigiCert Global Root CA,OU=www.digicert.com,O=DigiCert Inc,C=US"
Subject : "CN=DigiCert Global Root CA,OU=www.digicert.com,O=DigiCert Inc,C=US"
Not Before : November 9, 2006 8:00:00 PM GMT-04:00

Not After : November 9, 2031 8:00:00 PM GMT-04:00

Public Key
    30 82 01 22 30 0D 06 09 2A 86 48 86 F7 0D 01 01
    01 05 00 03 82 01 0F 00 30 82 01 0A 02 82 01 01
    00 E2 3B E1 11 72 DE A8 A4 D3 A3 57 AA 50 A2 8F
    0B 77 90 C9 A2 A5 EE 12 CE 96 5B 01 09 20 CC 01
    93 A7 4E 30 B7 53 F7 43 C4 69 00 57 9D E2 8D 22
    DD 87 06 40 00 81 09 CE CE 1B 83 BF DF CD 3B 71
    46 E2 D6 66 C7 05 B3 76 27 16 8F 7B 9E 1E 95 7D
    EE B7 48 A3 08 DA D6 AF 7A 0C 39 06 65 7F 4A 5D
    1F BC 17 F8 AB BE EE 28 D7 74 7F 7A 78 99 59 85
    68 6E 5C 23 32 4B BF 4E C0 E8 5A 6D E3 70 BF 77
    10 BF FC 01 F6 85 D9 A8 44 10 58 32 A9 75 18 D5
    D1 A2 BE 47 E2 27 6A F4 9A 33 F8 49 08 60 8B D4
    5F B4 3A 84 BF A1 AA 4A 4C 7D 3E CF 4F 5F 6C 76
    5E A0 4B 37 91 9E DC 22 E6 6D CE 14 1A 8E 6A CB
    FE CD B3 14 64 17 C7 5B 29 9E 32 BF F2 EE FA D3
    0B 42 D4 AB B7 41 32 DA 0C D4 EF F8 81 D5 BB 8D
    58 3F B5 1B E8 49 28 A2 70 DA 31 04 DD F7 B2 16
    F2 4C 0A 4E 07 A8 ED 4A 3D 5E B5 7F A3 90 C3 AF
    27 02 03 01 00 01
Public Key Type : RSA (1.2.840.113549.1.1.1)
Fingerprint : SHA1 : 
    A8 98 5D 3A 65 E5 E5 C4 B2 D7 D6 6D 40 C6 DD 2F
    B1 9C 54 36
Fingerprint : MD5 : 
    79 E4 A9 84 0D 7D 3A 96 D7 C0 4F E2 43 4C 89 2E
Fingerprint : SHA256 : 
    43 48 A0 E9 44 4C 78 CB 26 5E 05 8D 5E 89 44 B4
    D8 4F 96 62 BD 26 DB 25 7F 89 34 A4 43 C7 01 61
Fingerprint : HPKP : 
    r/mIkG3eEpVdm+u/ko/cwxzOMo1bk4TyHIlByibiA5E=
Extensions
    key usage: digitalSignature, keyCertSign, cRLSign
        critical
    basicConstraints
        ca = true
        critical
    SubjectKeyIdentifier
      keyIdentifier:
    03 DE 50 35 56 D1 4C BB 66 F0 A3 E2 1B 1B C3 97
    B2 3D D1 55
    AuthorityKeyIdentifier
      keyIdentifier:
    03 DE 50 35 56 D1 4C BB 66 F0 A3 E2 1B 1B C3 97
    B2 3D D1 55
      authorityIdentifier:
      authorityCertSerialNumber:
Signature Algorithm : SHA1WithRSASignature (1.2.840.113549.1.1.5)
Value
    CB 9C 37 AA 48 13 12 0A FA DD 44 9C 4F 52 B0 F4
    DF AE 04 F5 79 79 08 A3 24 18 FC 4B 2B 84 C0 2D
    B9 D5 C7 FE F4 C1 1F 58 CB B8 6D 9C 7A 74 E7 98
    29 AB 11 B5 E3 70 A0 A1 CD 4C 88 99 93 8C 91 70
    E2 AB 0F 1C BE 93 A9 FF 63 D5 E4 07 60 D3 A3 BF
    9D 5B 09 F1 D5 8E E3 53 F4 8E 63 FA 3F A7 DB B4
    66 DF 62 66 D6 D1 6E 41 8D F2 2D B5 EA 77 4A 9F
    9D 58 E2 2B 59 C0 40 23 ED 2D 28 82 45 3E 79 54
    92 26 98 E0 80 48 A8 37 EF F0 D6 79 60 16 DE AC
    E8 0E CD 6E AC 44 17 38 2F 49 DA E1 45 3E 2A B9
    36 53 CF 3A 50 06 F7 2E E8 C4 57 49 6C 61 21 18
    D5 04 AD 78 3C 2C 3A 80 6B A7 EB AF 15 14 E9 D8
    89 C1 B9 38 6C E2 91 6C 8A FF 64 B9 77 25 57 30
    C0 1B 24 A3 E1 DC E9 DF 47 7C B5 B4 24 08 05 30
    EC 2D BD 0B BF 45 BF 50 B9 A9 F3 EB 98 01 12 AD
    C8 88 C6 98 34 5F 8D 0A 3C C6 E9 D5 95 95 6D DE
Trust Status : Enabled
