Label : DigiCert Global Root G2
Key Size : 2048
Version : X509 V3
Serial : 033af1e6a711a9a0bb2864b11d09fae5
Issuer : "CN=DigiCert Global Root G2,OU=www.digicert.com,O=DigiCert Inc,C=US"
Subject : "CN=DigiCert Global Root G2,OU=www.digicert.com,O=DigiCert Inc,C=US"
Not Before : August 1, 2013 8:00:00 AM GMT-04:00

Not After : January 15, 2038 8:00:00 AM GMT-04:00

Public Key
    30 82 01 22 30 0D 06 09 2A 86 48 86 F7 0D 01 01
    01 05 00 03 82 01 0F 00 30 82 01 0A 02 82 01 01
    00 BB 37 CD 34 DC 7B 6B C9 B2 68 90 AD 4A 75 FF
    46 BA 21 0A 08 8D F5 19 54 C9 FB 88 DB F3 AE F2
    3A 89 91 3C 7A E6 AB 06 1A 6B CF AC 2D E8 5E 09
    24 44 BA 62 9A 7E D6 A3 A8 7E E0 54 75 20 05 AC
    50 B7 9C 63 1A 6C 30 DC DA 1F 19 B1 D7 1E DE FD
    D7 E0 CB 94 83 37 AE EC 1F 43 4E DD 7B 2C D2 BD
    2E A5 2F E4 A9 B8 AD 3A D4 99 A4 B6 25 E9 9B 6B
    00 60 92 60 FF 4F 21 49 18 F7 67 90 AB 61 06 9C
    8F F2 BA E9 B4 E9 92 32 6B B5 F3 57 E8 5D 1B CD
    8C 1D AB 95 04 95 49 F3 35 2D 96 E3 49 6D DD 77
    E3 FB 49 4B B4 AC 55 07 A9 8F 95 B3 B4 23 BB 4C
    6D 45 F0 F6 A9 B2 95 30 B4 FD 4C 55 8C 27 4A 57
    14 7C 82 9D CD 73 92 D3 16 4A 06 0C 8C 50 D1 8F
    1E 09 BE 17 A1 E6 21 CA FD 83 E5 10 BC 83 A5 0A
    C4 67 28 F6 73 14 14 3D 46 76 C3 87 14 89 21 34
    4D AF 0F 45 0C A6 49 A1 BA BB 9C C5 B1 33 83 29
    85 02 03 01 00 01
Public Key Type : RSA (1.2.840.113549.1.1.1)
Fingerprint : SHA1 : 
    DF 3C 24 F9 BF D6 66 76 1B 26 80 73 FE 06 D1 CC
    8D 4F 82 A4
Fingerprint : MD5 : 
    E4 A6 8A C8 54 AC 52 42 46 0A FD 72 48 1B 2A 44
Fingerprint : SHA256 : 
    CB 3C CB B7 60 31 E5 E0 13 8F 8D D3 9A 23 F9 DE
    47 FF C3 5E 43 C1 14 4C EA 27 D4 6A 5A B1 CB 5F
Fingerprint : HPKP : 
    i7WTqTvh0OioIruIfFR4kMPnBqrS2rdiVPl/s2uC/CY=
Extensions
    basicConstraints
        ca = true
        critical
    key usage: digitalSignature, keyCertSign, cRLSign
        critical
    SubjectKeyIdentifier
      keyIdentifier:
    4E 22 54 20 18 95 E6 E3 6E E6 0F FA FA B9 12 ED
    06 17 8F 39
Signature Algorithm : SHA256WithRSASignature (1.2.840.113549.1.1.11)
Value
    60 67 28 94 6F 0E 48 63 EB 31 DD EA 67 18 D5 89
    7D 3C C5 8B 4A 7F E9 BE DB 2B 17 DF B0 5F 73 77
    2A 32 13 39 81 67 42 84 23 F2 45 67 35 EC 88 BF
    F8 8F B0 61 0C 34 A4 AE 20 4C 84 C6 DB F8 35 E1
    76 D9 DF A6 42 BB C7 44 08 86 7F 36 74 24 5A DA
    6C 0D 14 59 35 BD F2 49 DD B6 1F C9 B3 0D 47 2A
    3D 99 2F BB 5C BB B5 D4 20 E1 99 5F 53 46 15 DB
    68 9B F0 F3 30 D5 3E 31 E2 8D 84 9E E3 8A DA DA
    96 3E 35 13 A5 5F F0 F9 70 50 70 47 41 11 57 19
    4E C0 8F AE 06 C4 95 13 17 2F 1B 25 9F 75 F2 B1
    8E 99 A1 6F 13 B1 41 71 FE 88 2A C8 4F 10 20 55
    D7 F3 14 45 E5 E0 44 F4 EA 87 95 32 93 0E FE 53
    46 FA 2C 9D FF 8B 22 B9 4B D9 09 45 A4 DE A4 B8
    9A 58 DD 1B 7D 52 9F 8E 59 43 88 81 A4 9E 26 D5
    6F AD DD 0D C6 37 7D ED 03 92 1B E5 77 5F 76 EE
    3C 8D C4 5D 56 5B A2 D9 66 6E B3 35 37 E5 32 B6
Trust Status : Enabled
