Label : root
Key Size : 2048
Version : X509 V3
Serial : 022ad902c9ca36
Issuer : "CN=camaraprod,OU=Root Certificate,OU=camaraprodNode01Cell,OU=camaraprodNode01,O=IBM,C=US"
Subject : "CN=camaraprod,OU=Root Certificate,OU=camaraprodNode01Cell,OU=camaraprodNode01,O=IBM,C=US"
Not Before : May 18, 2025 11:01:04 AM GMT-04:00

Not After : May 14, 2040 11:01:04 AM GMT-04:00

Public Key
    30 82 01 22 30 0D 06 09 2A 86 48 86 F7 0D 01 01
    01 05 00 03 82 01 0F 00 30 82 01 0A 02 82 01 01
    00 D1 E9 07 08 06 10 8D F3 7B 87 44 7E 91 07 40
    47 D2 65 A8 A2 E8 23 03 96 8E E5 59 45 40 4A C7
    2A E0 AF E9 64 67 D8 FF AB 21 BC BE EC F6 82 2E
    3B 2F 3D 2F E1 06 44 1A 03 99 2A AD 9A C3 B3 99
    F1 62 10 F0 75 09 CF B8 C4 7B 23 1A C2 65 74 BA
    78 0E 0C 85 C4 4D C8 7E 2B E3 A6 8C 1B C6 EE 7C
    CC 2D F8 8E A9 EF 0E 99 B6 90 AA F0 E3 51 16 29
    E6 17 DF AA 34 3E 46 4E 97 CF 53 8E A8 21 01 B1
    F7 36 FA 7D 9A B6 FE 2F 37 6C 7D F1 B6 6A CB 69
    02 CD F7 26 3F DD 3D 9E C2 8F 00 16 E8 9E 79 57
    C4 9C F8 87 6E 59 A7 B9 D5 89 B5 A5 7A 2B E3 FE
    BA 61 A1 25 1F 5A FA 7D 53 91 D3 F1 B4 08 AA 66
    85 76 DF 0D BA 7C CC A9 35 9F F2 46 9C A2 24 58
    CE 3A E0 89 7E 4F 61 35 A6 68 4C 26 8F 72 F0 D7
    85 A7 6E 8A FB 72 36 92 0E 34 4A 2F 64 B8 D2 FF
    19 29 12 61 5A 0E C9 4A 98 4D 2C 94 F9 9A 12 DC
    F5 02 03 01 00 01
Public Key Type : RSA (1.2.840.113549.1.1.1)
Fingerprint : SHA1 : 
    55 89 99 0C 48 CD BC 9E 50 C1 5D 83 DC 56 AC 25
    1D A9 35 D2
Fingerprint : MD5 : 
    22 30 FA 46 8B 82 27 35 8A 94 D5 1D 9C F8 94 88
Fingerprint : SHA256 : 
    D3 CE F8 89 50 20 0D 3D 74 D5 99 65 AA EF 58 8F
    21 A3 74 25 8B DF 0A B6 15 FE B1 8B 44 0E 33 DE
Fingerprint : HPKP : 
    mZ1oLzeqnLdxIZrM+/v+gejwwSeJeqKXpKHI1PeIRWM=
Extensions
    basicConstraints
        ca = true
        critical
    subjectAlternativeName
        rfc822Name: ProfileUUID:AppSrv01-BASE-f0da7b20-2c86-40c6-b49e-8e75d168a083
    SubjectKeyIdentifier
      keyIdentifier: 4D 6E DF C7 3B 12 E5 3E
Signature Algorithm : SHA256WithRSASignature (1.2.840.113549.1.1.11)
Value
    44 FC A2 75 EB BF F0 BD 10 FC B1 ED CA 89 B1 FD
    F8 6D DC 7F 06 FB 81 26 1D 48 A5 F9 7D 27 83 9E
    7F 46 90 05 80 B2 4B AB C9 21 07 35 05 AD BC 39
    F7 48 00 3B 7F 1D 6D 05 C4 DD 21 7B B5 43 44 5D
    1E 4B 36 32 45 FF 78 3A 6D 0F 7A ED C1 10 04 F8
    00 97 71 64 3D F2 18 EE 24 21 7F 8B AE B0 A7 F7
    29 76 45 DD 13 EF F2 00 7A EE 83 82 B8 96 2B 73
    0B 3D 52 12 E5 3A 10 74 FF AE 9A 8F 84 CF B5 4E
    80 3E A1 3A EB 95 39 A0 17 02 2F D2 A2 78 EA B4
    06 AB 9E 08 01 80 61 A1 F6 63 61 17 47 CA 3A 95
    01 40 E3 D6 05 9A 8B B7 DC 1A 9A 33 6F 32 6F E1
    47 68 E6 25 F5 57 46 AA 58 4E 79 A3 29 CD B5 4E
    91 60 84 9A D1 29 17 B3 5D C1 0D AC 63 EC 2E A0
    34 49 1F 41 7B 6C F6 50 CB A8 61 5D 57 49 70 D1
    73 07 68 32 BE DB F3 4E F4 8C 17 2A 77 5E 74 AB
    4C AD CF AE 3B E4 D4 07 26 41 AE 35 9E 3F 12 83
Trust Status : Enabled
