Label : root
Key Size : 2048
Version : X509 V3
Serial : 25fd5fc2eb2466
Issuer : "CN=camararesp,OU=Root Certificate,OU=camararespNode01Cell,OU=camararespNode01,O=IBM,C=US"
Subject : "CN=camararesp,OU=Root Certificate,OU=camararespNode01Cell,OU=camararespNode01,O=IBM,C=US"
Not Before : March 31, 2019 1:31:41 PM GMT-04:00

Not After : March 27, 2034 1:31:41 PM GMT-04:00

Public Key
    30 82 01 22 30 0D 06 09 2A 86 48 86 F7 0D 01 01
    01 05 00 03 82 01 0F 00 30 82 01 0A 02 82 01 01
    00 9F 2B 60 5A B3 BB 05 B0 15 EE 90 7F 90 B6 A7
    9B 77 70 41 05 BA 76 18 6B C6 CF 3D 03 7B E3 12
    D7 F3 51 CD 69 CC CF 6F 03 04 76 7B 74 6F A4 30
    3E 86 9D D3 14 30 37 EE 94 96 3D EC 24 3F 7C B5
    86 9D 2F AE 9B 5C F9 17 C1 FB BC 51 56 1B 48 ED
    38 DF 36 AD 78 1E 81 57 8C 62 A9 EC 2A 49 53 CA
    29 48 4B 65 37 F2 7E 83 A7 F7 98 17 F4 DA 2D 24
    06 81 0C 78 02 F2 39 D9 1B BB 24 52 D5 A0 A1 FC
    A0 5D 44 7E BF 9D 36 A7 C9 EA BF D4 04 0D FB 86
    C2 04 14 8B 08 5E E0 5C D2 CA 07 35 7E DD 45 41
    AC 2E 1B 37 61 12 1C 1A C8 A0 83 E5 EF 31 D1 46
    4E 96 13 53 C2 E3 4D F2 2B 28 D9 E6 50 05 E9 2B
    88 7C CB E4 50 B7 F9 D1 B9 94 71 8D 33 57 23 19
    7A 69 24 28 FF CD 55 B6 22 68 55 F7 8A DC 35 8F
    A3 28 E5 2E 70 E9 FD 34 76 49 48 C7 61 1E 41 8A
    FC BC 8C FF 58 65 98 07 9C DD 68 A5 77 95 F6 4F
    0D 02 03 01 00 01
Public Key Type : RSA (1.2.840.113549.1.1.1)
Fingerprint : SHA1 : 
    9C 8F 40 0A 93 B6 12 D4 C2 90 76 70 15 AC 9F FC
    8C 3F 7C 86
Fingerprint : MD5 : 
    8D E0 0E DB A8 1C 71 95 CA A5 B6 9A E0 19 ED D5
Fingerprint : SHA256 : 
    2E E7 94 FB 3D C1 7C 20 D2 51 A8 05 9D 67 31 31
    DD AD 5F 2A 88 59 7E 49 94 7D 7A FD AA F4 0D B0
Fingerprint : HPKP : 
    GmAS8JYuIQzLoHtTUU+keNfSiG5+LphT6ixitwm1ZnU=
Extensions
    basicConstraints
        ca = true
        critical
    subjectAlternativeName
        rfc822Name: ProfileUUID:AppSrv01-BASE-9702b1e4-7859-4793-9772-eff4277b2fbd
    SubjectKeyIdentifier
      keyIdentifier: 4F A3 4D 1B F0 F0 3F 66
Signature Algorithm : SHA256WithRSASignature (1.2.840.113549.1.1.11)
Value
    94 85 AA 85 C3 15 70 D4 FD 26 1A 3F 2D B6 61 CF
    A2 01 DF D4 3D 81 9A 69 9B 12 04 49 25 AE 95 94
    8F D0 BF 17 E3 AB 4F 62 1F AB 48 90 29 05 C5 2F
    9E 88 5B 2B 5D B4 51 16 97 1C F1 2D 7E A9 25 96
    A0 82 FA 9A 0D 8F DF F5 E4 73 0B F5 25 CF B9 36
    CD 80 13 51 DC FB 16 77 DE 15 3E 5B 50 EC F1 F0
    C4 20 B7 31 42 CE 5A E6 C6 55 26 42 C2 5C DE D5
    2A 71 88 1B 63 98 31 3E 53 51 76 D2 69 45 C0 98
    8A ED 69 B2 B5 30 9A 83 28 50 AF A4 DF 39 98 86
    5A 29 3F F0 2B 2B 52 78 56 4C FD 78 B0 DB B1 84
    F7 F7 B8 D4 75 CE B0 4F 13 7C F6 D9 1A 5A 88 C2
    DE 6D 33 FD 6C 04 48 B9 EF 59 AD 37 93 4E C2 96
    E8 4C A2 FF 06 CC EA B5 2F E5 3A D6 2C 97 0C 61
    59 77 48 E7 E1 E6 31 82 ED DD 85 E4 41 F3 E5 B9
    91 2B DB 45 6A 0D 46 0F 47 08 1D 33 5D C1 25 6E
    22 D2 91 A4 F1 29 65 68 71 79 31 88 66 4E 90 FF
Trust Status : Enabled
