Label : Autoridad Certificadora ADSS Raiz de Certinet S A
Key Size : 2048
Version : X509 V3
Serial : 20e2d2b5dfe7622266ad11971f8d32cfb7296599
Issuer : "CN=Autoridad Certificadora ADSS Raiz de Certinet S A,OU=MPKI CA ADSS CertiNet,O=CertiNet S.A.,EMAIL=ca-certinet@certinet.cl,C=CL"
Subject : "CN=Autoridad Certificadora ADSS Raiz de Certinet S A,OU=MPKI CA ADSS CertiNet,O=CertiNet S.A.,EMAIL=ca-certinet@certinet.cl,C=CL"
Not Before : June 17, 2019 2:48:46 PM GMT-04:00

Not After : June 17, 2044 2:48:46 PM GMT-04:00

Public Key
    30 82 01 22 30 0D 06 09 2A 86 48 86 F7 0D 01 01
    01 05 00 03 82 01 0F 00 30 82 01 0A 02 82 01 01
    00 DD A5 C2 DB 31 0F F5 E1 8F 1C FF 8F 26 82 61
    94 0C AF 20 68 C1 A6 27 3A C3 55 A8 16 7C 17 B7
    D8 41 9A 8D C6 CC EE 15 FE DE 73 09 43 BF 2E 13
    18 D0 4C 4E 7D EE 60 96 2A 0A 02 C9 08 8E CB 81
    57 9F 57 2C 33 03 22 EF 50 A3 89 06 99 CC E3 EA
    FF 25 F7 23 C0 2E 04 1C 8E 6B A0 14 3A 7B 14 16
    60 55 F2 90 6A F0 5A A1 94 6D 06 B4 3E 49 F0 98
    74 CF 61 A1 56 AB 21 E4 2D B3 7E 28 25 BB 23 27
    AD 0E D0 33 95 52 78 9B 14 BA CC A7 6C 18 4A 10
    D1 8D AC A4 CC 04 4B EE 9C 31 9A 11 F1 CE 82 09
    87 4D 03 52 3B 02 E4 0B C0 76 1A B8 37 72 55 48
    BD 5C F9 9B AA B7 17 34 35 EE 26 A9 B3 37 80 3B
    F7 DE CD 50 D4 6F C1 D0 09 D9 ED 44 09 A8 FA 5D
    F6 06 52 0E A3 D0 11 94 26 1A 3C 89 CF 18 FB 7B
    6F 89 FF C1 FE 76 E7 50 B7 65 66 E6 E4 84 54 ED
    58 72 B5 09 F6 F5 B4 6E BC 2A C3 9E 48 9A 64 91
    D5 02 03 01 00 01
Public Key Type : RSA (1.2.840.113549.1.1.1)
Fingerprint : SHA1 : 
    7C 5D ED D1 DE DD B8 0C 40 41 2F 8F 56 20 10 A5
    C7 BA EB FC
Fingerprint : MD5 : 
    F5 B4 9E 2E E2 71 26 32 9A D8 47 D3 01 08 13 5F
Fingerprint : SHA256 : 
    B6 B0 D0 12 DB 99 0F 50 5D 49 E8 0E 82 BA 18 3B
    7E 35 7F A2 C5 48 D2 8F 69 2F D6 04 50 1D 78 FB
Fingerprint : HPKP : 
    HY+wIhP621Q0/dNFczy07qdPycheUgVLjztXjKxt4os=
Extensions
    basicConstraints
        ca = true
        critical
    key usage: keyCertSign, cRLSign
Signature Algorithm : SHA256WithRSASignature (1.2.840.113549.1.1.11)
Value
    A3 CF 1A 3B FB E0 C6 FD 6B 97 3C 55 9A BA AA C4
    42 66 1A FE E5 D9 6D 21 99 C3 A1 FC 2A 46 2F DA
    E9 F6 CD 38 74 1F 3D B4 70 D2 9E 3F 1D 8F 4E 43
    79 0C F2 2C EF B8 5A FE 0C 65 88 26 15 D4 62 F8
    18 80 D9 BE B1 3B EC 51 E8 BA A2 20 F2 E3 77 10
    76 3F ED 46 0A B1 A6 24 8C 8A 92 FB CC D8 E2 BE
    70 C6 5F 0C 10 BD FF 2D E8 DE C8 72 AC C9 5B E2
    44 D7 C4 23 A1 61 F9 9E 0F 20 65 D7 F3 08 29 E4
    E8 9D B4 80 20 28 D8 6B 27 AA 3E D8 E8 E6 17 51
    DD B6 BF 5B 39 40 BB 6A 41 D1 97 8D C2 62 8E 91
    2F F5 84 AE 4B AA B3 25 EC 68 B5 3B 47 DF 3F D1
    1F 9E 23 BC 8C 28 62 98 90 2C B4 B4 07 3B EB B1
    BC BA FB 33 89 DA F5 38 3C C8 90 E4 72 D2 84 E1
    1F 0D E1 43 A9 51 14 ED 23 86 AD C1 EA A7 F8 80
    53 C0 DA CB 2A DD CC 05 1E B8 30 52 AE 32 BD 40
    2C 87 B2 8E F6 9C 75 E0 88 B3 E4 D5 63 A0 DC D7
Trust Status : Enabled
