Label : default
Key Size : 2048
Version : X509 V3
Serial : 00a1a6f36a317a
Issuer : "CN=camararesp,OU=Root Certificate,OU=camararespNode01Cell,OU=camararespNode01,O=IBM,C=US"
Subject : CN=camararesp,OU=camararespNode01Cell,OU=camararespNode01,O=IBM,C=US
Not Before : April 2, 2025 5:13:52 PM GMT-04:00

Not After : April 2, 2026 5:13:52 PM GMT-04:00

Public Key
    30 82 01 22 30 0D 06 09 2A 86 48 86 F7 0D 01 01
    01 05 00 03 82 01 0F 00 30 82 01 0A 02 82 01 01
    00 87 44 40 5F D4 A1 74 DD A0 14 10 02 E8 B3 D5
    3E 3D 05 33 E1 35 AA E5 8D 78 05 67 D7 D4 D3 E0
    C8 92 50 D8 52 CA C8 4F 2E E4 37 17 CC 9F 1F 25
    B7 12 BE 35 FF B5 7F 63 2C 16 00 BB 8F 13 73 5B
    ED D5 B9 92 7A A9 EE 84 F4 19 0C 6C 2E 65 91 14
    46 77 AD AA B2 68 AC 6B 9A CD 3C 93 EC D4 43 A5
    48 39 4B 1A 56 D5 E0 DB 2E 1C 09 42 97 B8 EC D2
    6F F0 8E 43 DC 56 C0 D8 90 D5 50 8E C4 9E 9B A2
    E0 B2 C5 D0 21 F1 86 28 E6 95 93 D0 B9 3C 06 ED
    A5 DF 4F 5B 61 EF 36 6A 82 75 81 ED 88 4C 31 51
    F9 FC B6 D6 DC 71 9C 45 DD 89 8F E2 C1 63 86 DB
    1B 40 37 E1 7E F1 06 73 E8 31 64 9D D4 D3 21 53
    C1 99 24 BA E7 AD DD 35 FF 6E 83 42 4B D4 B7 32
    15 97 88 F8 95 55 50 10 B7 4E 56 AF 36 68 43 87
    CC 02 95 71 A5 48 25 72 CC B3 3C AD 43 A0 65 23
    2A 4E 2B F2 68 90 66 5E 23 12 7E DE A0 CD A5 65
    2F 02 03 01 00 01
Public Key Type : RSA (1.2.840.113549.1.1.1)
Fingerprint : SHA1 : 
    13 EA 56 09 B1 22 D2 F6 45 FC 39 1A B2 D9 A7 05
    C1 67 DA 75
Fingerprint : MD5 : 
    73 D7 61 40 E9 9E 4C 67 D7 5F 08 87 22 53 CD FD
Fingerprint : SHA256 : 
    2E 76 1E AB C5 5D 77 F9 7A 86 7C A6 81 12 81 82
    56 4A 95 16 DA 6B 1A 8E 83 C5 43 04 C0 C8 16 31
Fingerprint : HPKP : 
    oXOB5xeoskuM7vdR4ZOUchK04x0tB9iyA8591p9XWgA=
Extensions
    subjectAlternativeName
        rfc822Name: ProfileUUID:AppSrv01-BASE-5ca4a3d8-290b-49b2-b3f0-8a16e5dc98d1
    SubjectKeyIdentifier
      keyIdentifier: 46 CF CA C2 B1 56 EC B6
Signature Algorithm : SHA256WithRSASignature (1.2.840.113549.1.1.11)
Value
    AA 5B D6 B0 7C 8A E4 36 80 FD AF 72 B0 C8 01 18
    8C 49 C4 1A 3D E3 06 F8 EF D2 F8 5C 5F 81 C9 BD
    76 71 B2 90 48 59 F1 F5 E5 8F 7A C5 8B D3 E0 06
    28 7E DC E6 FF FA 7B 78 A5 67 67 E8 68 33 28 EE
    E8 AC C8 5B E6 83 4A 0E 4A 55 2F C1 D6 41 D0 23
    E7 6F 35 36 DA 12 B0 18 C8 AC BD 8C 32 15 A4 47
    34 37 43 03 16 8F AD 93 6E 46 01 5E 55 22 0F 3C
    FF 51 5C C7 CB 89 1E 14 4F DE 95 DE BF 8A 93 46
    B0 1A 42 06 79 68 1B D7 01 1E E9 FD 0E 69 C6 6B
    F6 A7 B4 BD 97 02 96 35 5C 78 10 16 5A DF 26 90
    B6 6E 08 02 41 B7 3F 39 E1 E5 12 71 D1 0F 1D A4
    23 F3 37 2B 71 C9 0F F2 98 64 DD 08 32 4A 5E A1
    0B E8 85 73 83 C4 40 D8 56 D6 D2 63 B0 30 64 59
    E9 25 0B 37 C7 2D EF C1 C8 28 FE 03 0E 2A 83 AB
    40 FD 45 82 4E 69 2B CD 17 36 48 95 C0 33 A8 8C
    BE 31 30 65 7D B0 CA 48 93 75 F5 CB 82 C8 FE 1D
Trust Status : Enabled
