Label : CN=camararesp,OU=Root Certificate,OU=camararespNode01Cell,OU=camararespNode01,O=IBM,C=US
Key Size : 2048
Version : X509 V3
Serial : 00a1a64e266347
Issuer : "CN=camararesp,OU=Root Certificate,OU=camararespNode01Cell,OU=camararespNode01,O=IBM,C=US"
Subject : "CN=camararesp,OU=Root Certificate,OU=camararespNode01Cell,OU=camararespNode01,O=IBM,C=US"
Not Before : April 2, 2025 5:13:50 PM GMT-04:00

Not After : March 29, 2040 5:13:50 PM GMT-04:00

Public Key
    30 82 01 22 30 0D 06 09 2A 86 48 86 F7 0D 01 01
    01 05 00 03 82 01 0F 00 30 82 01 0A 02 82 01 01
    00 C4 1D 69 7C 99 92 85 DC 4C 8A 64 BF 4D 45 E6
    12 BB F1 2F 09 D4 BC 90 9D F2 C2 83 F8 D6 A8 F3
    42 6B 48 B4 EC BC 06 02 A1 CF F9 1D A0 2E 6A B8
    E6 31 F9 A6 0C 14 53 C7 9C 9C 7B 62 C2 88 1A C2
    42 E1 A7 74 96 21 5B 5B 68 EB 2A 92 03 73 85 77
    49 13 5A A3 08 CA 17 99 38 4D DD 51 E1 B4 D7 60
    BF B5 34 14 56 F0 98 0D A7 1A D4 7C 72 8B 9B D1
    FD 47 E1 14 94 49 8D DB 81 1B F3 FC C5 69 F5 03
    73 2E E6 67 1A DC FB DC D0 39 52 B4 80 67 98 2D
    17 4B 72 3A 8C DF 4A 5D DA 68 0F 4D 6F AD 60 3C
    18 58 6E C9 8B AE 79 79 E1 F0 8B E1 5A 6B 80 A2
    71 1B 04 90 09 F2 8F C9 BD A9 F0 1B 9C 66 81 71
    C6 F3 41 B3 94 E8 01 D2 40 5B 6B DB F1 8B 4B EC
    B5 E5 93 B7 1F 6E C1 EE 3D 3C 25 F8 6F 96 30 F5
    D1 69 9E 55 1A 91 E4 02 AB E5 8C CD 9F AD 0B DA
    39 CA 7D 6B 67 04 EC 81 B3 69 A5 45 52 0C A2 5C
    51 02 03 01 00 01
Public Key Type : RSA (1.2.840.113549.1.1.1)
Fingerprint : SHA1 : 
    24 46 D7 F3 15 E5 D3 6D D0 1F 65 11 45 4A 7F 4C
    82 B6 ED 3A
Fingerprint : MD5 : 
    3A 77 EA 32 AD E0 FD 45 22 0F C7 BF 1D 70 F8 9A
Fingerprint : SHA256 : 
    6B 50 93 E2 D9 AE 28 BB C6 C9 AC 51 FC C7 EA 8E
    DD 7D 63 26 AA A4 65 42 F1 31 15 37 2A DC 10 97
Fingerprint : HPKP : 
    3BLLoBT0P5O8oYB9PxWaaxld5lJkV4e4dUMvDHQYLTw=
Extensions
    basicConstraints
        ca = true
        critical
    subjectAlternativeName
        rfc822Name: ProfileUUID:AppSrv01-BASE-5ca4a3d8-290b-49b2-b3f0-8a16e5dc98d1
    SubjectKeyIdentifier
      keyIdentifier: 4A B7 B3 62 F9 74 5B EC
Signature Algorithm : SHA256WithRSASignature (1.2.840.113549.1.1.11)
Value
    C2 31 F8 38 E0 64 2F B5 88 E1 31 1D DE 2C 08 13
    F4 E8 EE 2F 90 82 4E F9 E8 1E 1E 77 CC 81 0D 9C
    66 89 4A 1D C4 D8 B2 4A 50 98 79 AE 14 69 DB 35
    9A B1 ED B6 E4 96 A3 16 4D 30 40 8A 80 88 7B 63
    6E 34 9B A6 44 B1 5D AB 40 15 FC 5C 16 17 36 79
    C8 93 96 C4 58 48 BD 76 00 A5 4E AB AE CB 0B 00
    CF 9D 7D 8C D5 0B E1 D0 05 A8 41 75 F4 01 96 94
    76 30 A5 1F 22 B2 BD 7E FB 59 D8 9C A1 30 8F 59
    DF 85 58 A5 6A E8 FF D7 59 1D B7 D2 00 B0 A0 DC
    9A 82 7A BF 2E 2C BB 31 CF 87 4C 15 80 18 46 C5
    F9 36 D4 7C DB 9F DA F3 F1 9E F0 F8 2C E4 A3 9F
    14 F2 4D AB DF 69 B8 FC 23 F1 43 DC A5 81 21 62
    0D 24 E5 55 20 BB 3F DB 2A 3C C7 B0 36 08 08 1B
    C2 7F 49 0F 16 28 59 A4 B6 4F 64 C8 DB BA C2 47
    C9 47 41 A8 B7 EB 45 AD CE 22 E6 EE 8F 4C 78 A1
    71 EC 21 D2 52 6F DB 55 67 8B 04 D5 CA 4A 4D 46
Trust Status : Enabled
